#
# There is insufficient memory for the Java Runtime Environment to continue.
# Native memory allocation (malloc) failed to allocate 1102736 bytes for Chunk::new
# Possible reasons:
#   The system is out of physical RAM or swap space
#   In 32 bit mode, the process size limit was hit
# Possible solutions:
#   Reduce memory load on the system
#   Increase physical memory or swap space
#   Check if swap backing store is full
#   Use 64 bit Java on a 64 bit OS
#   Decrease Java heap size (-Xmx/-Xms)
#   Decrease number of Java threads
#   Decrease Java thread stack sizes (-Xss)
#   Set larger code cache with -XX:ReservedCodeCacheSize=
# This output file may be truncated or incomplete.
#
#  Out of Memory Error (allocation.cpp:390), pid=3876, tid=0x0000000000002c88
#
# JRE version: OpenJDK Runtime Environment (8.0_152-b02) (build 1.8.0_152-release-1024-b02)
# Java VM: OpenJDK 64-Bit Server VM (25.152-b02 mixed mode windows-amd64 compressed oops)
# Failed to write core dump. Minidumps are not enabled by default on client versions of Windows
#

---------------  T H R E A D  ---------------

Current thread (0x000000001616e000):  JavaThread "C2 CompilerThread0" daemon [_thread_in_native, id=11400, stack(0x00000000177e0000,0x00000000178e0000)]

Stack: [0x00000000177e0000,0x00000000178e0000]
[error occurred during error reporting (printing stack bounds), id 0xc0000005]

Native frames: (J=compiled Java code, j=interpreted, Vv=VM code, C=native code)


Current CompileTask:
C2:  15321 5490   !   4       java.net.URLClassLoader$1::run (63 bytes)


---------------  P R O C E S S  ---------------

Java Threads: ( => current thread )
  0x0000000019adf800 JavaThread "Memory manager" [_thread_blocked, id=5740, stack(0x00000000212f0000,0x00000000213f0000)]
  0x0000000019ae3000 JavaThread "build operations Thread 4" [_thread_blocked, id=6312, stack(0x0000000020ff0000,0x00000000210f0000)]
  0x0000000019ae5800 JavaThread "build operations Thread 3" [_thread_blocked, id=13172, stack(0x0000000020ef0000,0x0000000020ff0000)]
  0x0000000019ae2800 JavaThread "build operations Thread 2" [_thread_blocked, id=12076, stack(0x0000000020df0000,0x0000000020ef0000)]
  0x0000000019ae1800 JavaThread "build operations" [_thread_blocked, id=14060, stack(0x0000000020ad0000,0x0000000020bd0000)]
  0x0000000019ae0000 JavaThread "Cache worker for Artifact transforms cache (F:\Sdk\caches\transforms-1)" [_thread_blocked, id=7672, stack(0x000000001e440000,0x000000001e540000)]
  0x0000000019c24000 JavaThread "Cache worker for file hash cache (F:\New folder\Lock_Screen_github\MyAppLock\.gradle\4.4\fileHashes)" [_thread_blocked, id=1144, stack(0x000000001bd00000,0x000000001be00000)]
  0x00000000196ee800 JavaThread "File lock request listener" [_thread_in_native, id=784, stack(0x000000001bc00000,0x000000001bd00000)]
  0x0000000018e43800 JavaThread "Cache worker for file hash cache (F:\Sdk\caches\4.4\fileHashes)" [_thread_blocked, id=8988, stack(0x000000001bb00000,0x000000001bc00000)]
  0x0000000018e42800 JavaThread "Stdin handler" [_thread_blocked, id=12392, stack(0x000000001b800000,0x000000001b900000)]
  0x0000000018e42000 JavaThread "Asynchronous log dispatcher for DefaultDaemonConnection: socket connection from /127.0.0.1:57425 to /127.0.0.1:57426" [_thread_blocked, id=11956, stack(0x000000001b700000,0x000000001b800000)]
  0x0000000019241000 JavaThread "Daemon worker" [_thread_in_vm, id=6996, stack(0x000000001b600000,0x000000001b700000)]
  0x0000000019240800 JavaThread "Cancel handler" [_thread_blocked, id=10632, stack(0x000000001b500000,0x000000001b600000)]
  0x0000000019597000 JavaThread "Handler for socket connection from /127.0.0.1:57425 to /127.0.0.1:57426" [_thread_in_native, id=10208, stack(0x000000001b200000,0x000000001b300000)]
  0x0000000018d26000 JavaThread "Daemon" [_thread_blocked, id=1236, stack(0x000000001b100000,0x000000001b200000)]
  0x00000000190d5800 JavaThread "Daemon periodic checks" [_thread_blocked, id=6120, stack(0x000000001b000000,0x000000001b100000)]
  0x00000000190cc000 JavaThread "Incoming local TCP Connector on port 57425" [_thread_in_native, id=5504, stack(0x000000001adc0000,0x000000001aec0000)]
  0x00000000161ce000 JavaThread "Service Thread" daemon [_thread_blocked, id=10840, stack(0x0000000017ee0000,0x0000000017fe0000)]
  0x00000000161bd800 JavaThread "C1 CompilerThread2" daemon [_thread_blocked, id=8312, stack(0x00000000179e0000,0x0000000017ae0000)]
  0x0000000016172000 JavaThread "C2 CompilerThread1" daemon [_thread_in_native, id=7680, stack(0x00000000178e0000,0x00000000179e0000)]
=>0x000000001616e000 JavaThread "C2 CompilerThread0" daemon [_thread_in_native, id=11400, stack(0x00000000177e0000,0x00000000178e0000)]
  0x000000001616c800 JavaThread "Attach Listener" daemon [_thread_blocked, id=9160, stack(0x00000000176e0000,0x00000000177e0000)]
  0x000000001616b800 JavaThread "Signal Dispatcher" daemon [_thread_blocked, id=7860, stack(0x00000000175e0000,0x00000000176e0000)]
  0x000000000271d000 JavaThread "Finalizer" daemon [_thread_blocked, id=312, stack(0x00000000173f0000,0x00000000174f0000)]
  0x0000000002712000 JavaThread "Reference Handler" daemon [_thread_blocked, id=9116, stack(0x00000000172f0000,0x00000000173f0000)]
  0x00000000027fd800 JavaThread "main" [_thread_blocked, id=12788, stack(0x00000000024c0000,0x00000000025c0000)]

Other Threads:
  0x0000000016135800 VMThread [stack: 0x00000000171f0000,0x00000000172f0000] [id=8124]
  0x0000000017b0a000 WatcherThread [stack: 0x0000000017fe0000,0x00000000180e0000] [id=11996]

VM state:not at safepoint (normal execution)

VM Mutex/Monitor currently owned by a thread: None

Heap:
 PSYoungGen      total 445952K, used 283076K [0x00000000e0000000, 0x00000000fcf00000, 0x0000000100000000)
  eden space 432128K, 62% used [0x00000000e0000000,0x00000000f06f26e8,0x00000000fa600000)
  from space 13824K, 99% used [0x00000000fc180000,0x00000000fcefebc0,0x00000000fcf00000)
  to   space 15360K, 0% used [0x00000000fb100000,0x00000000fb100000,0x00000000fc000000)
 ParOldGen       total 155648K, used 16573K [0x00000000a0000000, 0x00000000a9800000, 0x00000000e0000000)
  object space 155648K, 10% used [0x00000000a0000000,0x00000000a102f448,0x00000000a9800000)
 Metaspace       used 51142K, capacity 52686K, committed 52952K, reserved 1095680K
  class space    used 6973K, capacity 7354K, committed 7424K, reserved 1048576K

Card table byte_map: [0x0000000011bc0000,0x0000000011ed0000] byte_map_base: 0x00000000116c0000

Marking Bits: (ParMarkBitMap*) 0x000000006ab94970
 Begin Bits: [0x00000000124d0000, 0x0000000013cd0000)
 End Bits:   [0x0000000013cd0000, 0x00000000154d0000)

Polling page: 0x0000000000700000

CodeCache: size=245760Kb used=19516Kb max_used=19528Kb free=226243Kb
 bounds [0x0000000002800000, 0x0000000003b30000, 0x0000000011800000]
 total_blobs=6092 nmethods=5342 adapters=663
 compilation: enabled

Compilation events (10 events):
Event: 15.289 Thread 0x00000000161bd800 5563       3       java.util.AbstractCollection::containsAll (38 bytes)
Event: 15.289 Thread 0x00000000161bd800 nmethod 5563 0x0000000003b18010 code [0x0000000003b181c0, 0x0000000003b18718]
Event: 15.289 Thread 0x00000000161bd800 5564       3       java.lang.Long::numberOfTrailingZeros (116 bytes)
Event: 15.290 Thread 0x00000000161bd800 nmethod 5564 0x0000000003b188d0 code [0x0000000003b18a40, 0x0000000003b18d50]
Event: 15.290 Thread 0x00000000161bd800 5565       3       com.google.common.base.Preconditions::checkPositionIndex (25 bytes)
Event: 15.290 Thread 0x00000000161bd800 nmethod 5565 0x0000000003b18dd0 code [0x0000000003b18f40, 0x0000000003b191d8]
Event: 15.290 Thread 0x00000000161bd800 5566       1       org.gradle.api.internal.project.DefaultProject::getTasks (5 bytes)
Event: 15.290 Thread 0x00000000161bd800 nmethod 5566 0x0000000003b0d490 code [0x0000000003b0d5e0, 0x0000000003b0d6f0]
Event: 15.290 Thread 0x00000000161bd800 5567       3       java.lang.CharacterDataLatin1::isJavaIdentifierStart (23 bytes)
Event: 15.290 Thread 0x00000000161bd800 nmethod 5567 0x0000000003b192d0 code [0x0000000003b19440, 0x0000000003b19690]

GC Heap History (10 events):
Event: 4.359 GC heap before
{Heap before GC invocations=6 (full 1):
 PSYoungGen      total 213504K, used 38917K [0x00000000e0000000, 0x00000000f1300000, 0x0000000100000000)
  eden space 202752K, 13% used [0x00000000e0000000,0x00000000e1b87e50,0x00000000ec600000)
  from space 10752K, 99% used [0x00000000f0880000,0x00000000f12f9640,0x00000000f1300000)
  to   space 10752K, 0% used [0x00000000efe00000,0x00000000efe00000,0x00000000f0880000)
 ParOldGen       total 100352K, used 10765K [0x00000000a0000000, 0x00000000a6200000, 0x00000000e0000000)
  object space 100352K, 10% used [0x00000000a0000000,0x00000000a0a83558,0x00000000a6200000)
 Metaspace       used 34622K, capacity 35182K, committed 35416K, reserved 1079296K
  class space    used 4771K, capacity 4967K, committed 4992K, reserved 1048576K
Event: 4.369 GC heap after
Heap after GC invocations=6 (full 1):
 PSYoungGen      total 270848K, used 9660K [0x00000000e0000000, 0x00000000f5400000, 0x0000000100000000)
  eden space 260096K, 0% used [0x00000000e0000000,0x00000000e0000000,0x00000000efe00000)
  from space 10752K, 89% used [0x00000000efe00000,0x00000000f076f1d8,0x00000000f0880000)
  to   space 13312K, 0% used [0x00000000f4700000,0x00000000f4700000,0x00000000f5400000)
 ParOldGen       total 100352K, used 10773K [0x00000000a0000000, 0x00000000a6200000, 0x00000000e0000000)
  object space 100352K, 10% used [0x00000000a0000000,0x00000000a0a85558,0x00000000a6200000)
 Metaspace       used 34622K, capacity 35182K, committed 35416K, reserved 1079296K
  class space    used 4771K, capacity 4967K, committed 4992K, reserved 1048576K
}
Event: 4.369 GC heap before
{Heap before GC invocations=7 (full 2):
 PSYoungGen      total 270848K, used 9660K [0x00000000e0000000, 0x00000000f5400000, 0x0000000100000000)
  eden space 260096K, 0% used [0x00000000e0000000,0x00000000e0000000,0x00000000efe00000)
  from space 10752K, 89% used [0x00000000efe00000,0x00000000f076f1d8,0x00000000f0880000)
  to   space 13312K, 0% used [0x00000000f4700000,0x00000000f4700000,0x00000000f5400000)
 ParOldGen       total 100352K, used 10773K [0x00000000a0000000, 0x00000000a6200000, 0x00000000e0000000)
  object space 100352K, 10% used [0x00000000a0000000,0x00000000a0a85558,0x00000000a6200000)
 Metaspace       used 34622K, capacity 35182K, committed 35416K, reserved 1079296K
  class space    used 4771K, capacity 4967K, committed 4992K, reserved 1048576K
Event: 4.414 GC heap after
Heap after GC invocations=7 (full 2):
 PSYoungGen      total 270848K, used 0K [0x00000000e0000000, 0x00000000f5400000, 0x0000000100000000)
  eden space 260096K, 0% used [0x00000000e0000000,0x00000000e0000000,0x00000000efe00000)
  from space 10752K, 0% used [0x00000000efe00000,0x00000000efe00000,0x00000000f0880000)
  to   space 13312K, 0% used [0x00000000f4700000,0x00000000f4700000,0x00000000f5400000)
 ParOldGen       total 155648K, used 16106K [0x00000000a0000000, 0x00000000a9800000, 0x00000000e0000000)
  object space 155648K, 10% used [0x00000000a0000000,0x00000000a0fba858,0x00000000a9800000)
 Metaspace       used 34622K, capacity 35182K, committed 35416K, reserved 1079296K
  class space    used 4771K, capacity 4967K, committed 4992K, reserved 1048576K
}
Event: 6.841 GC heap before
{Heap before GC invocations=8 (full 2):
 PSYoungGen      total 270848K, used 260096K [0x00000000e0000000, 0x00000000f5400000, 0x0000000100000000)
  eden space 260096K, 100% used [0x00000000e0000000,0x00000000efe00000,0x00000000efe00000)
  from space 10752K, 0% used [0x00000000efe00000,0x00000000efe00000,0x00000000f0880000)
  to   space 13312K, 0% used [0x00000000f4700000,0x00000000f4700000,0x00000000f5400000)
 ParOldGen       total 155648K, used 16106K [0x00000000a0000000, 0x00000000a9800000, 0x00000000e0000000)
  object space 155648K, 10% used [0x00000000a0000000,0x00000000a0fba858,0x00000000a9800000)
 Metaspace       used 41197K, capacity 42092K, committed 42328K, reserved 1085440K
  class space    used 5627K, capacity 5901K, committed 6016K, reserved 1048576K
Event: 6.851 GC heap after
Heap after GC invocations=8 (full 2):
 PSYoungGen      total 334336K, used 12272K [0x00000000e0000000, 0x00000000f8b80000, 0x0000000100000000)
  eden space 321024K, 0% used [0x00000000e0000000,0x00000000e0000000,0x00000000f3980000)
  from space 13312K, 92% used [0x00000000f4700000,0x00000000f52fc0e8,0x00000000f5400000)
  to   space 13824K, 0% used [0x00000000f3980000,0x00000000f3980000,0x00000000f4700000)
 ParOldGen       total 155648K, used 16114K [0x00000000a0000000, 0x00000000a9800000, 0x00000000e0000000)
  object space 155648K, 10% used [0x00000000a0000000,0x00000000a0fbc858,0x00000000a9800000)
 Metaspace       used 41197K, capacity 42092K, committed 42328K, reserved 1085440K
  class space    used 5627K, capacity 5901K, committed 6016K, reserved 1048576K
}
Event: 9.848 GC heap before
{Heap before GC invocations=9 (full 2):
 PSYoungGen      total 334336K, used 333296K [0x00000000e0000000, 0x00000000f8b80000, 0x0000000100000000)
  eden space 321024K, 100% used [0x00000000e0000000,0x00000000f3980000,0x00000000f3980000)
  from space 13312K, 92% used [0x00000000f4700000,0x00000000f52fc0e8,0x00000000f5400000)
  to   space 13824K, 0% used [0x00000000f3980000,0x00000000f3980000,0x00000000f4700000)
 ParOldGen       total 155648K, used 16114K [0x00000000a0000000, 0x00000000a9800000, 0x00000000e0000000)
  object space 155648K, 10% used [0x00000000a0000000,0x00000000a0fbc858,0x00000000a9800000)
 Metaspace       used 41200K, capacity 42092K, committed 42328K, reserved 1085440K
  class space    used 5627K, capacity 5901K, committed 6016K, reserved 1048576K
Event: 9.855 GC heap after
Heap after GC invocations=9 (full 2):
 PSYoungGen      total 334848K, used 7868K [0x00000000e0000000, 0x00000000fcf00000, 0x0000000100000000)
  eden space 321024K, 0% used [0x00000000e0000000,0x00000000e0000000,0x00000000f3980000)
  from space 13824K, 56% used [0x00000000f3980000,0x00000000f412f300,0x00000000f4700000)
  to   space 13824K, 0% used [0x00000000fc180000,0x00000000fc180000,0x00000000fcf00000)
 ParOldGen       total 155648K, used 16122K [0x00000000a0000000, 0x00000000a9800000, 0x00000000e0000000)
  object space 155648K, 10% used [0x00000000a0000000,0x00000000a0fbe858,0x00000000a9800000)
 Metaspace       used 41200K, capacity 42092K, committed 42328K, reserved 1085440K
  class space    used 5627K, capacity 5901K, committed 6016K, reserved 1048576K
}
Event: 12.681 GC heap before
{Heap before GC invocations=10 (full 2):
 PSYoungGen      total 334848K, used 328892K [0x00000000e0000000, 0x00000000fcf00000, 0x0000000100000000)
  eden space 321024K, 100% used [0x00000000e0000000,0x00000000f3980000,0x00000000f3980000)
  from space 13824K, 56% used [0x00000000f3980000,0x00000000f412f300,0x00000000f4700000)
  to   space 13824K, 0% used [0x00000000fc180000,0x00000000fc180000,0x00000000fcf00000)
 ParOldGen       total 155648K, used 16122K [0x00000000a0000000, 0x00000000a9800000, 0x00000000e0000000)
  object space 155648K, 10% used [0x00000000a0000000,0x00000000a0fbe858,0x00000000a9800000)
 Metaspace       used 46605K, capacity 47564K, committed 47832K, reserved 1091584K
  class space    used 6288K, capacity 6581K, committed 6656K, reserved 1048576K
Event: 12.691 GC heap after
Heap after GC invocations=10 (full 2):
 PSYoungGen      total 445952K, used 13818K [0x00000000e0000000, 0x00000000fcf00000, 0x0000000100000000)
  eden space 432128K, 0% used [0x00000000e0000000,0x00000000e0000000,0x00000000fa600000)
  from space 13824K, 99% used [0x00000000fc180000,0x00000000fcefebc0,0x00000000fcf00000)
  to   space 15360K, 0% used [0x00000000fb100000,0x00000000fb100000,0x00000000fc000000)
 ParOldGen       total 155648K, used 16573K [0x00000000a0000000, 0x00000000a9800000, 0x00000000e0000000)
  object space 155648K, 10% used [0x00000000a0000000,0x00000000a102f448,0x00000000a9800000)
 Metaspace       used 46605K, capacity 47564K, committed 47832K, reserved 1091584K
  class space    used 6288K, capacity 6581K, committed 6656K, reserved 1048576K
}

Deoptimization events (10 events):
Event: 14.755 Thread 0x0000000019241000 Uncommon trap: reason=class_check action=maybe_recompile pc=0x000000000368e224 method=java.util.stream.ReferencePipeline$3$1.accept(Ljava/lang/Object;)V @ 12
Event: 14.755 Thread 0x0000000019241000 Uncommon trap: reason=class_check action=maybe_recompile pc=0x000000000368e224 method=java.util.stream.ReferencePipeline$3$1.accept(Ljava/lang/Object;)V @ 12
Event: 14.755 Thread 0x0000000019241000 Uncommon trap: reason=class_check action=maybe_recompile pc=0x00000000036d2010 method=java.util.stream.AbstractPipeline.wrapSink(Ljava/util/stream/Sink;)Ljava/util/stream/Sink; @ 23
Event: 14.798 Thread 0x0000000019241000 Uncommon trap: reason=class_check action=maybe_recompile pc=0x0000000003688108 method=java.util.stream.AbstractPipeline.wrapSink(Ljava/util/stream/Sink;)Ljava/util/stream/Sink; @ 23
Event: 14.829 Thread 0x0000000019241000 Uncommon trap: reason=unstable_if action=reinterpret pc=0x00000000030ad7cc method=org.objectweb.asm.ByteVector.putUTF8(Ljava/lang/String;)Lorg/objectweb/asm/ByteVector; @ 91
Event: 14.859 Thread 0x0000000019241000 Uncommon trap: reason=unstable_if action=reinterpret pc=0x0000000003007334 method=java.lang.String.lastIndexOf([CII[CIII)I @ 118
Event: 14.861 Thread 0x0000000019241000 Uncommon trap: reason=unstable_if action=reinterpret pc=0x00000000030776f0 method=org.objectweb.asm.ByteVector.putUTF8(Ljava/lang/String;)Lorg/objectweb/asm/ByteVector; @ 91
Event: 14.952 Thread 0x0000000019241000 Uncommon trap: reason=unstable_if action=reinterpret pc=0x000000000382c4e8 method=java.util.regex.Pattern$GroupTail.match(Ljava/util/regex/Matcher;ILjava/lang/CharSequence;)Z @ 73
Event: 15.111 Thread 0x0000000019241000 Uncommon trap: reason=unstable_if action=reinterpret pc=0x0000000003095228 method=org.objectweb.asm.Type.getArgumentsAndReturnSizes(Ljava/lang/String;)I @ 47
Event: 15.111 Thread 0x0000000019241000 Uncommon trap: reason=unstable_if action=reinterpret pc=0x000000000351ec54 method=org.objectweb.asm.Type.getArgumentsAndReturnSizes(Ljava/lang/String;)I @ 47

Classes redefined (0 events):
No events

Internal exceptions (10 events):
Event: 14.676 Thread 0x0000000019241000 Exception <a 'sun/nio/fs/WindowsException'> (0x00000000ed04b858) thrown at [D:\src\AOSP-openjdk-cygwin\jdk8u\hotspot\src\share\vm\prims\jni.cpp, line 709]
Event: 14.676 Thread 0x0000000019241000 Exception <a 'sun/nio/fs/WindowsException'> (0x00000000ed04c490) thrown at [D:\src\AOSP-openjdk-cygwin\jdk8u\hotspot\src\share\vm\prims\jni.cpp, line 709]
Event: 14.685 Thread 0x0000000019241000 Exception <a 'java/lang/NoSuchMethodError': java.lang.Object.lambda$comparing$77a9974f$1(Ljava/util/function/Function;Ljava/lang/Object;Ljava/lang/Object;)I> (0x00000000ed0dfe20) thrown at [D:\src\AOSP-openjdk-cygwin\jdk8u\hotspot\src\share\vm\interpreter
Event: 14.685 Thread 0x0000000019241000 Exception <a 'java/lang/NoSuchMethodError': java.lang.Object.lambda$thenComparing$36697e65$1(Ljava/util/Comparator;Ljava/lang/Object;Ljava/lang/Object;)I> (0x00000000ed0eb4a0) thrown at [D:\src\AOSP-openjdk-cygwin\jdk8u\hotspot\src\share\vm\interpreter\li
Event: 14.695 Thread 0x0000000019241000 Exception <a 'java/lang/NoSuchMethodError': java.lang.Object.lambda$maxBy$1(Ljava/util/Comparator;Ljava/lang/Object;Ljava/lang/Object;)Ljava/lang/Object;> (0x00000000ed18aad0) thrown at [D:\src\AOSP-openjdk-cygwin\jdk8u\hotspot\src\share\vm\interpreter\li
Event: 14.791 Thread 0x0000000019241000 Exception <a 'java/lang/ClassNotFoundException': org/gradle/api/plugins/BasePluginConventionBeanInfo> (0x00000000eda794c8) thrown at [D:\src\AOSP-openjdk-cygwin\jdk8u\hotspot\src\share\vm\classfile\systemDictionary.cpp, line 210]
Event: 14.791 Thread 0x0000000019241000 Exception <a 'java/lang/ClassNotFoundException': org/gradle/api/plugins/BasePluginConventionCustomizer> (0x00000000eda9bbf8) thrown at [D:\src\AOSP-openjdk-cygwin\jdk8u\hotspot\src\share\vm\classfile\systemDictionary.cpp, line 210]
Event: 15.131 Thread 0x0000000019241000 Exception <a 'java/lang/NoSuchMethodError': java.lang.Object.lambda$static$0(Ljava/util/Set;Ljava/util/Set;)Z> (0x00000000ef76c910) thrown at [D:\src\AOSP-openjdk-cygwin\jdk8u\hotspot\src\share\vm\interpreter\linkResolver.cpp, line 584]
Event: 15.131 Thread 0x0000000019241000 Exception <a 'java/lang/NoSuchMethodError': java.lang.Object.lambda$static$1(Ljava/util/Set;Ljava/util/Set;)Z> (0x00000000ef76f4b0) thrown at [D:\src\AOSP-openjdk-cygwin\jdk8u\hotspot\src\share\vm\interpreter\linkResolver.cpp, line 584]
Event: 15.131 Thread 0x0000000019241000 Exception <a 'java/lang/NoSuchMethodError': java.lang.Object.lambda$static$2(Ljava/util/Set;Ljava/util/Set;)Z> (0x00000000ef771c20) thrown at [D:\src\AOSP-openjdk-cygwin\jdk8u\hotspot\src\share\vm\interpreter\linkResolver.cpp, line 584]

Events (10 events):
Event: 15.292 loading class com/android/build/gradle/tasks/factory/AndroidUnitTest
Event: 15.292 loading class com/android/build/gradle/tasks/factory/AndroidUnitTest done
Event: 15.292 loading class org/gradle/api/reporting/DirectoryReport
Event: 15.292 loading class org/gradle/api/reporting/DirectoryReport done
Event: 15.293 loading class org/gradle/api/internal/tasks/testing/logging/TestExceptionFormatter
Event: 15.293 loading class org/gradle/api/internal/tasks/testing/logging/TestExceptionFormatter done
Event: 15.293 loading class org/gradle/api/reporting/ReportContainer
Event: 15.293 loading class org/gradle/api/reporting/ReportContainer done
Event: 15.293 loading class org/gradle/api/tasks/testing/TestOutputListener
Event: 15.293 loading class org/gradle/api/tasks/testing/TestOutputListener done


Dynamic libraries:
0x00007ff702e50000 - 0x00007ff702e81000 	C:\Program Files\Android\Android Studio\jre\bin\java.exe
0x00007ffe44320000 - 0x00007ffe44501000 	C:\WINDOWS\SYSTEM32\ntdll.dll
0x00007ffe41bb0000 - 0x00007ffe41c62000 	C:\WINDOWS\System32\KERNEL32.DLL
0x00007ffe40ba0000 - 0x00007ffe40e13000 	C:\WINDOWS\System32\KERNELBASE.dll
0x00007ffe41d20000 - 0x00007ffe41dc1000 	C:\WINDOWS\System32\ADVAPI32.dll
0x00007ffe42950000 - 0x00007ffe429ee000 	C:\WINDOWS\System32\msvcrt.dll
0x00007ffe429f0000 - 0x00007ffe42a4b000 	C:\WINDOWS\System32\sechost.dll
0x00007ffe426e0000 - 0x00007ffe42804000 	C:\WINDOWS\System32\RPCRT4.dll
0x00007ffe41f50000 - 0x00007ffe420e0000 	C:\WINDOWS\System32\USER32.dll
0x00007ffe408e0000 - 0x00007ffe40900000 	C:\WINDOWS\System32\win32u.dll
0x00007ffe42380000 - 0x00007ffe423a8000 	C:\WINDOWS\System32\GDI32.dll
0x00007ffe40f00000 - 0x00007ffe41092000 	C:\WINDOWS\System32\gdi32full.dll
0x00007ffe40b00000 - 0x00007ffe40b9f000 	C:\WINDOWS\System32\msvcp_win.dll
0x00007ffe409b0000 - 0x00007ffe40aaa000 	C:\WINDOWS\System32\ucrtbase.dll
0x00007ffe35d40000 - 0x00007ffe35fa9000 	C:\WINDOWS\WinSxS\amd64_microsoft.windows.common-controls_6595b64144ccf1df_6.0.17134.590_none_fb3d9bff3069e088\COMCTL32.dll
0x00007ffe423b0000 - 0x00007ffe426d2000 	C:\WINDOWS\System32\combase.dll
0x00007ffe40e20000 - 0x00007ffe40e9a000 	C:\WINDOWS\System32\bcryptPrimitives.dll
0x00007ffe42900000 - 0x00007ffe4292d000 	C:\WINDOWS\System32\IMM32.DLL
0x000000006a210000 - 0x000000006a2e2000 	C:\Program Files\Android\Android Studio\jre\jre\bin\msvcr100.dll
0x000000006a3d0000 - 0x000000006ac0f000 	C:\Program Files\Android\Android Studio\jre\jre\bin\server\jvm.dll
0x00007ffe417b0000 - 0x00007ffe417b8000 	C:\WINDOWS\System32\PSAPI.DLL
0x00007ffe3d460000 - 0x00007ffe3d469000 	C:\WINDOWS\SYSTEM32\WSOCK32.dll
0x00007ffe41aa0000 - 0x00007ffe41b0c000 	C:\WINDOWS\System32\WS2_32.dll
0x00007ffe2f3b0000 - 0x00007ffe2f3d3000 	C:\WINDOWS\SYSTEM32\WINMM.dll
0x00007ffe3a420000 - 0x00007ffe3a42a000 	C:\WINDOWS\SYSTEM32\VERSION.dll
0x00007ffe2f380000 - 0x00007ffe2f3aa000 	C:\WINDOWS\SYSTEM32\WINMMBASE.dll
0x00007ffe40ab0000 - 0x00007ffe40af9000 	C:\WINDOWS\System32\cfgmgr32.dll
0x00007ffe3d450000 - 0x00007ffe3d45f000 	C:\Program Files\Android\Android Studio\jre\jre\bin\verify.dll
0x00007ffe37e00000 - 0x00007ffe37e29000 	C:\Program Files\Android\Android Studio\jre\jre\bin\java.dll
0x00007ffe39d80000 - 0x00007ffe39d96000 	C:\Program Files\Android\Android Studio\jre\jre\bin\zip.dll
0x00007ffe42eb0000 - 0x00007ffe442f0000 	C:\WINDOWS\System32\SHELL32.dll
0x00007ffe41c70000 - 0x00007ffe41d19000 	C:\WINDOWS\System32\shcore.dll
0x00007ffe410a0000 - 0x00007ffe417ad000 	C:\WINDOWS\System32\windows.storage.dll
0x00007ffe417c0000 - 0x00007ffe41811000 	C:\WINDOWS\System32\shlwapi.dll
0x00007ffe40680000 - 0x00007ffe40691000 	C:\WINDOWS\System32\kernel.appcore.dll
0x00007ffe40660000 - 0x00007ffe4067f000 	C:\WINDOWS\System32\profapi.dll
0x00007ffe406a0000 - 0x00007ffe406ec000 	C:\WINDOWS\System32\powrprof.dll
0x00007ffe40650000 - 0x00007ffe4065a000 	C:\WINDOWS\System32\FLTLIB.DLL
0x00007ffe36e40000 - 0x00007ffe36e5a000 	C:\Program Files\Android\Android Studio\jre\jre\bin\net.dll
0x00007ffe3fe50000 - 0x00007ffe3feb6000 	C:\WINDOWS\system32\mswsock.dll
0x00007ffe36e20000 - 0x00007ffe36e31000 	C:\Program Files\Android\Android Studio\jre\jre\bin\nio.dll
0x00007ffe38dc0000 - 0x00007ffe38dde000 	F:\Sdk\native\25\windows-amd64\native-platform.dll
0x00007ffe3cbf0000 - 0x00007ffe3cbfd000 	C:\Program Files\Android\Android Studio\jre\jre\bin\management.dll
0x00007ffe40000000 - 0x00007ffe40017000 	C:\WINDOWS\SYSTEM32\CRYPTSP.dll
0x00007ffe3fa30000 - 0x00007ffe3fa63000 	C:\WINDOWS\system32\rsaenh.dll
0x00007ffe40130000 - 0x00007ffe40155000 	C:\WINDOWS\SYSTEM32\bcrypt.dll
0x00007ffe40560000 - 0x00007ffe40588000 	C:\WINDOWS\SYSTEM32\USERENV.dll
0x00007ffe40020000 - 0x00007ffe4002b000 	C:\WINDOWS\SYSTEM32\CRYPTBASE.dll
0x00007ffe3fbd0000 - 0x00007ffe3fc08000 	C:\WINDOWS\SYSTEM32\IPHLPAPI.DLL
0x00007ffe41820000 - 0x00007ffe41828000 	C:\WINDOWS\System32\NSI.dll
0x00007ffe3bfb0000 - 0x00007ffe3bfc6000 	C:\WINDOWS\SYSTEM32\dhcpcsvc6.DLL
0x00007ffe3bf90000 - 0x00007ffe3bfaa000 	C:\WINDOWS\SYSTEM32\dhcpcsvc.DLL

VM Arguments:
jvm_args: -Xmx1536m -Dfile.encoding=windows-1252 -Duser.country=US -Duser.language=en -Duser.variant 
java_command: org.gradle.launcher.daemon.bootstrap.GradleDaemon 4.4
java_class_path (initial): F:\Sdk\wrapper\dists\gradle-4.4-all\9br9xq1tocpiv8o6njlyu5op1\gradle-4.4\lib\gradle-launcher-4.4.jar
Launcher Type: SUN_STANDARD

Environment Variables:
PATH=C:\Program Files (x86)\Common Files\Oracle\Java\javapath;C:\WINDOWS\system32;C:\WINDOWS;C:\WINDOWS\System32\Wbem;C:\WINDOWS\System32\WindowsPowerShell\v1.0\;C:\WINDOWS\System32\OpenSSH\;C:\Program Files\dotnet\;C:\xampp\php;C:\Program Files\Git\cmd;C:\PHP7;C:\ProgramData\ComposerSetup\bin;C:\Users\Kim\AppData\Local\Microsoft\WindowsApps;C:\Program Files\Microsoft VS Code\bin;C:\xampp\php;C:\Users\Kim\AppData\Roaming\Composer\vendor\bin
USERNAME=Kim
OS=Windows_NT
PROCESSOR_IDENTIFIER=Intel64 Family 6 Model 60 Stepping 3, GenuineIntel



---------------  S Y S T E M  ---------------

OS: Windows 10.0 , 64 bit Build 17134 (10.0.17134.556)

CPU:total 4 (initial active 4) (4 cores per cpu, 1 threads per core) family 6 model 60 stepping 3, cmov, cx8, fxsr, mmx, sse, sse2, sse3, ssse3, sse4.1, sse4.2, popcnt, avx, avx2, aes, clmul, erms, lzcnt, tsc, tscinvbit, bmi1, bmi2

Memory: 4k page, physical 16635912k(6637232k free), swap 29743236k(4704k free)

vm_info: OpenJDK 64-Bit Server VM (25.152-b02) for windows-amd64 JRE (1.8.0_152-release-1024-b02), built by "builder" with MS VC++ 10.0 (VS2010)

time: Mon Feb 25 04:58:27 2019
elapsed time: 15 seconds (0d 0h 0m 15s)

